# JRE version: OpenJDK Runtime Environment Temurin-21.0.6+7 (21.0.6+7) (build 21.0.6+7-LTS)
# Java VM: OpenJDK 64-Bit Server VM Temurin-21.0.6+7 (21.0.6+7-LTS, mixed mode, sharing, tiered, compressed oops, compressed class ptrs, parallel gc, windows-amd64)
GC Precious Log:
 CardTable entry size: 512
 CPUs: 2 total, 2 available
 Memory: 3918M
 Large Page Support: Disabled
 NUMA Support: Disabled
 Compressed Oops: Enabled (32-bit)
 Alignments: Space 512K, Generation 512K, Heap 2M
 Heap Min Capacity: 100M
 Heap Initial Capacity: 100M
 Heap Max Capacity: 1G
 Pre-touch: Disabled
 Parallel Workers: 2
Heap:
 PSYoungGen      total 23552K, used 14389K [0x00000000eab00000, 0x00000000ec680000, 0x0000000100000000)
  eden space 22016K, 65% used [0x00000000eab00000,0x00000000eb90d750,0x00000000ec080000)
  from space 1536K, 0% used [0x00000000ec400000,0x00000000ec400000,0x00000000ec580000)
  to   space 1024K, 0% used [0x00000000ec580000,0x00000000ec580000,0x00000000ec680000)
 ParOldGen       total 68608K, used 18548K [0x00000000c0000000, 0x00000000c4300000, 0x00000000eab00000)
  object space 68608K, 27% used [0x00000000c0000000,0x00000000c121d0a0,0x00000000c4300000)
 Metaspace       used 36578K, committed 37760K, reserved 1114112K
  class space    used 3680K, committed 4160K, reserved 1048576K
GC Heap History (20 events):
Event: 57.039 GC heap before
{Heap before GC invocations=6 (full 0):
 PSYoungGen      total 29184K, used 29152K [0x00000000eab00000, 0x00000000ece80000, 0x0000000100000000)
  eden space 25088K, 100% used [0x00000000eab00000,0x00000000ec380000,0x00000000ec380000)
  from space 4096K, 99% used [0x00000000ec400000,0x00000000ec7f8120,0x00000000ec800000)
  to   space 5632K, 0% used [0x00000000ec900000,0x00000000ec900000,0x00000000ece80000)
 ParOldGen       total 68608K, used 9307K [0x00000000c0000000, 0x00000000c4300000, 0x00000000eab00000)
  object space 68608K, 13% used [0x00000000c0000000,0x00000000c0916e50,0x00000000c4300000)
 Metaspace       used 18954K, committed 19712K, reserved 1114112K
  class space    used 1877K, committed 2240K, reserved 1048576K
}
Event: 57.053 GC heap after
{Heap after GC invocations=6 (full 0):
 PSYoungGen      total 29184K, used 4421K [0x00000000eab00000, 0x00000000ecd80000, 0x0000000100000000)
  eden space 24576K, 0% used [0x00000000eab00000,0x00000000eab00000,0x00000000ec300000)
  from space 4608K, 95% used [0x00000000ec900000,0x00000000ecd51520,0x00000000ecd80000)
  to   space 5120K, 0% used [0x00000000ec380000,0x00000000ec380000,0x00000000ec880000)
 ParOldGen       total 68608K, used 9315K [0x00000000c0000000, 0x00000000c4300000, 0x00000000eab00000)
  object space 68608K, 13% used [0x00000000c0000000,0x00000000c0918e50,0x00000000c4300000)
 Metaspace       used 18954K, committed 19712K, reserved 1114112K
  class space    used 1877K, committed 2240K, reserved 1048576K
}
Event: 57.579 GC heap before
{Heap before GC invocations=7 (full 0):
 PSYoungGen      total 29184K, used 20521K [0x00000000eab00000, 0x00000000ecd80000, 0x0000000100000000)
  eden space 24576K, 65% used [0x00000000eab00000,0x00000000ebab90b8,0x00000000ec300000)
  from space 4608K, 95% used [0x00000000ec900000,0x00000000ecd51520,0x00000000ecd80000)
  to   space 5120K, 0% used [0x00000000ec380000,0x00000000ec380000,0x00000000ec880000)
 ParOldGen       total 68608K, used 9315K [0x00000000c0000000, 0x00000000c4300000, 0x00000000eab00000)
  object space 68608K, 13% used [0x00000000c0000000,0x00000000c0918e50,0x00000000c4300000)
 Metaspace       used 20657K, committed 21504K, reserved 1114112K
  class space    used 2085K, committed 2496K, reserved 1048576K
}
Event: 57.597 GC heap after
{Heap after GC invocations=7 (full 0):
 PSYoungGen      total 29184K, used 4173K [0x00000000eab00000, 0x00000000ecc00000, 0x0000000100000000)
  eden space 24576K, 0% used [0x00000000eab00000,0x00000000eab00000,0x00000000ec300000)
  from space 4608K, 90% used [0x00000000ec380000,0x00000000ec793450,0x00000000ec800000)
  to   space 4096K, 0% used [0x00000000ec800000,0x00000000ec800000,0x00000000ecc00000)
 ParOldGen       total 68608K, used 10642K [0x00000000c0000000, 0x00000000c4300000, 0x00000000eab00000)
  object space 68608K, 15% used [0x00000000c0000000,0x00000000c0a648f8,0x00000000c4300000)
 Metaspace       used 20657K, committed 21504K, reserved 1114112K
  class space    used 2085K, committed 2496K, reserved 1048576K
}
Event: 57.597 GC heap before
{Heap before GC invocations=8 (full 1):
 PSYoungGen      total 29184K, used 4173K [0x00000000eab00000, 0x00000000ecc00000, 0x0000000100000000)
  eden space 24576K, 0% used [0x00000000eab00000,0x00000000eab00000,0x00000000ec300000)
  from space 4608K, 90% used [0x00000000ec380000,0x00000000ec793450,0x00000000ec800000)
  to   space 4096K, 0% used [0x00000000ec800000,0x00000000ec800000,0x00000000ecc00000)
 ParOldGen       total 68608K, used 10642K [0x00000000c0000000, 0x00000000c4300000, 0x00000000eab00000)
  object space 68608K, 15% used [0x00000000c0000000,0x00000000c0a648f8,0x00000000c4300000)
 Metaspace       used 20657K, committed 21504K, reserved 1114112K
  class space    used 2085K, committed 2496K, reserved 1048576K
}
Event: 57.705 GC heap after
{Heap after GC invocations=8 (full 1):
 PSYoungGen      total 29184K, used 0K [0x00000000eab00000, 0x00000000ecc00000, 0x0000000100000000)
  eden space 24576K, 0% used [0x00000000eab00000,0x00000000eab00000,0x00000000ec300000)
  from space 4608K, 0% used [0x00000000ec380000,0x00000000ec380000,0x00000000ec800000)
  to   space 4096K, 0% used [0x00000000ec800000,0x00000000ec800000,0x00000000ecc00000)
 ParOldGen       total 68608K, used 13128K [0x00000000c0000000, 0x00000000c4300000, 0x00000000eab00000)
  object space 68608K, 19% used [0x00000000c0000000,0x00000000c0cd2148,0x00000000c4300000)
 Metaspace       used 20644K, committed 21504K, reserved 1114112K
  class space    used 2082K, committed 2496K, reserved 1048576K
}
Event: 58.503 GC heap before
{Heap before GC invocations=9 (full 1):
 PSYoungGen      total 29184K, used 24576K [0x00000000eab00000, 0x00000000ecc00000, 0x0000000100000000)
  eden space 24576K, 100% used [0x00000000eab00000,0x00000000ec300000,0x00000000ec300000)
  from space 4608K, 0% used [0x00000000ec380000,0x00000000ec380000,0x00000000ec800000)
  to   space 4096K, 0% used [0x00000000ec800000,0x00000000ec800000,0x00000000ecc00000)
 ParOldGen       total 68608K, used 13128K [0x00000000c0000000, 0x00000000c4300000, 0x00000000eab00000)
  object space 68608K, 19% used [0x00000000c0000000,0x00000000c0cd2148,0x00000000c4300000)
 Metaspace       used 22508K, committed 23488K, reserved 1114112K
  class space    used 2246K, committed 2688K, reserved 1048576K
}
Event: 58.509 GC heap after
{Heap after GC invocations=9 (full 1):
 PSYoungGen      total 27136K, used 2822K [0x00000000eab00000, 0x00000000ecb00000, 0x0000000100000000)
  eden space 24064K, 0% used [0x00000000eab00000,0x00000000eab00000,0x00000000ec280000)
  from space 3072K, 91% used [0x00000000ec800000,0x00000000ecac1a90,0x00000000ecb00000)
  to   space 3584K, 0% used [0x00000000ec400000,0x00000000ec400000,0x00000000ec780000)
 ParOldGen       total 68608K, used 13136K [0x00000000c0000000, 0x00000000c4300000, 0x00000000eab00000)
  object space 68608K, 19% used [0x00000000c0000000,0x00000000c0cd4148,0x00000000c4300000)
 Metaspace       used 22508K, committed 23488K, reserved 1114112K
  class space    used 2246K, committed 2688K, reserved 1048576K
}
Event: 59.061 GC heap before
{Heap before GC invocations=10 (full 1):
 PSYoungGen      total 27136K, used 26886K [0x00000000eab00000, 0x00000000ecb00000, 0x0000000100000000)
  eden space 24064K, 100% used [0x00000000eab00000,0x00000000ec280000,0x00000000ec280000)
  from space 3072K, 91% used [0x00000000ec800000,0x00000000ecac1a90,0x00000000ecb00000)
  to   space 3584K, 0% used [0x00000000ec400000,0x00000000ec400000,0x00000000ec780000)
 ParOldGen       total 68608K, used 13136K [0x00000000c0000000, 0x00000000c4300000, 0x00000000eab00000)
  object space 68608K, 19% used [0x00000000c0000000,0x00000000c0cd4148,0x00000000c4300000)
 Metaspace       used 26407K, committed 27328K, reserved 1114112K
  class space    used 2522K, committed 2944K, reserved 1048576K
}
Event: 59.064 GC heap after
{Heap after GC invocations=10 (full 1):
 PSYoungGen      total 25088K, used 1234K [0x00000000eab00000, 0x00000000ec880000, 0x0000000100000000)
  eden space 23552K, 0% used [0x00000000eab00000,0x00000000eab00000,0x00000000ec200000)
  from space 1536K, 80% used [0x00000000ec400000,0x00000000ec534a00,0x00000000ec580000)
  to   space 2048K, 0% used [0x00000000ec680000,0x00000000ec680000,0x00000000ec880000)
 ParOldGen       total 68608K, used 13144K [0x00000000c0000000, 0x00000000c4300000, 0x00000000eab00000)
  object space 68608K, 19% used [0x00000000c0000000,0x00000000c0cd6148,0x00000000c4300000)
 Metaspace       used 26407K, committed 27328K, reserved 1114112K
  class space    used 2522K, committed 2944K, reserved 1048576K
}
Event: 60.609 GC heap before
{Heap before GC invocations=11 (full 1):
 PSYoungGen      total 25088K, used 24786K [0x00000000eab00000, 0x00000000ec880000, 0x0000000100000000)
  eden space 23552K, 100% used [0x00000000eab00000,0x00000000ec200000,0x00000000ec200000)
  from space 1536K, 80% used [0x00000000ec400000,0x00000000ec534a00,0x00000000ec580000)
  to   space 2048K, 0% used [0x00000000ec680000,0x00000000ec680000,0x00000000ec880000)
 ParOldGen       total 68608K, used 13144K [0x00000000c0000000, 0x00000000c4300000, 0x00000000eab00000)
  object space 68608K, 19% used [0x00000000c0000000,0x00000000c0cd6148,0x00000000c4300000)
 Metaspace       used 27879K, committed 28864K, reserved 1114112K
  class space    used 2666K, committed 3072K, reserved 1048576K
}
Event: 60.614 GC heap after
{Heap after GC invocations=11 (full 1):
 PSYoungGen      total 25088K, used 1551K [0x00000000eab00000, 0x00000000ec880000, 0x0000000100000000)
  eden space 23040K, 0% used [0x00000000eab00000,0x00000000eab00000,0x00000000ec180000)
  from space 2048K, 75% used [0x00000000ec680000,0x00000000ec803d98,0x00000000ec880000)
  to   space 2048K, 0% used [0x00000000ec480000,0x00000000ec480000,0x00000000ec680000)
 ParOldGen       total 68608K, used 14878K [0x00000000c0000000, 0x00000000c4300000, 0x00000000eab00000)
  object space 68608K, 21% used [0x00000000c0000000,0x00000000c0e87be8,0x00000000c4300000)
 Metaspace       used 27879K, committed 28864K, reserved 1114112K
  class space    used 2666K, committed 3072K, reserved 1048576K
}
Event: 61.801 GC heap before
{Heap before GC invocations=12 (full 1):
 PSYoungGen      total 25088K, used 24591K [0x00000000eab00000, 0x00000000ec880000, 0x0000000100000000)
  eden space 23040K, 100% used [0x00000000eab00000,0x00000000ec180000,0x00000000ec180000)
  from space 2048K, 75% used [0x00000000ec680000,0x00000000ec803d98,0x00000000ec880000)
  to   space 2048K, 0% used [0x00000000ec480000,0x00000000ec480000,0x00000000ec680000)
 ParOldGen       total 68608K, used 14878K [0x00000000c0000000, 0x00000000c4300000, 0x00000000eab00000)
  object space 68608K, 21% used [0x00000000c0000000,0x00000000c0e87be8,0x00000000c4300000)
 Metaspace       used 31092K, committed 32064K, reserved 1114112K
  class space    used 3034K, committed 3456K, reserved 1048576K
}
Event: 61.809 GC heap after
{Heap after GC invocations=12 (full 1):
 PSYoungGen      total 24064K, used 1282K [0x00000000eab00000, 0x00000000ec700000, 0x0000000100000000)
  eden space 22528K, 0% used [0x00000000eab00000,0x00000000eab00000,0x00000000ec100000)
  from space 1536K, 83% used [0x00000000ec480000,0x00000000ec5c0918,0x00000000ec600000)
  to   space 1024K, 0% used [0x00000000ec600000,0x00000000ec600000,0x00000000ec700000)
 ParOldGen       total 68608K, used 16166K [0x00000000c0000000, 0x00000000c4300000, 0x00000000eab00000)
  object space 68608K, 23% used [0x00000000c0000000,0x00000000c0fc9928,0x00000000c4300000)
 Metaspace       used 31092K, committed 32064K, reserved 1114112K
  class space    used 3034K, committed 3456K, reserved 1048576K
}
Event: 63.234 GC heap before
{Heap before GC invocations=13 (full 1):
 PSYoungGen      total 24064K, used 23810K [0x00000000eab00000, 0x00000000ec700000, 0x0000000100000000)
  eden space 22528K, 100% used [0x00000000eab00000,0x00000000ec100000,0x00000000ec100000)
  from space 1536K, 83% used [0x00000000ec480000,0x00000000ec5c0918,0x00000000ec600000)
  to   space 1024K, 0% used [0x00000000ec600000,0x00000000ec600000,0x00000000ec700000)
 ParOldGen       total 68608K, used 16166K [0x00000000c0000000, 0x00000000c4300000, 0x00000000eab00000)
  object space 68608K, 23% used [0x00000000c0000000,0x00000000c0fc9928,0x00000000c4300000)
 Metaspace       used 33289K, committed 34304K, reserved 1114112K
  class space    used 3301K, committed 3712K, reserved 1048576K
}
Event: 63.240 GC heap after
{Heap after GC invocations=13 (full 1):
 PSYoungGen      total 23040K, used 928K [0x00000000eab00000, 0x00000000ec700000, 0x0000000100000000)
  eden space 22016K, 0% used [0x00000000eab00000,0x00000000eab00000,0x00000000ec080000)
  from space 1024K, 90% used [0x00000000ec600000,0x00000000ec6e8000,0x00000000ec700000)
  to   space 1536K, 0% used [0x00000000ec400000,0x00000000ec400000,0x00000000ec580000)
 ParOldGen       total 68608K, used 17241K [0x00000000c0000000, 0x00000000c4300000, 0x00000000eab00000)
  object space 68608K, 25% used [0x00000000c0000000,0x00000000c10d6768,0x00000000c4300000)
 Metaspace       used 33289K, committed 34304K, reserved 1114112K
  class space    used 3301K, committed 3712K, reserved 1048576K
}
Event: 64.321 GC heap before
{Heap before GC invocations=14 (full 1):
 PSYoungGen      total 23040K, used 15585K [0x00000000eab00000, 0x00000000ec700000, 0x0000000100000000)
  eden space 22016K, 66% used [0x00000000eab00000,0x00000000eb950718,0x00000000ec080000)
  from space 1024K, 90% used [0x00000000ec600000,0x00000000ec6e8000,0x00000000ec700000)
  to   space 1536K, 0% used [0x00000000ec400000,0x00000000ec400000,0x00000000ec580000)
 ParOldGen       total 68608K, used 17241K [0x00000000c0000000, 0x00000000c4300000, 0x00000000eab00000)
  object space 68608K, 25% used [0x00000000c0000000,0x00000000c10d6768,0x00000000c4300000)
 Metaspace       used 34727K, committed 35840K, reserved 1114112K
  class space    used 3475K, committed 3968K, reserved 1048576K
}
Event: 64.332 GC heap after
{Heap after GC invocations=14 (full 1):
 PSYoungGen      total 23552K, used 1058K [0x00000000eab00000, 0x00000000ec680000, 0x0000000100000000)
  eden space 22016K, 0% used [0x00000000eab00000,0x00000000eab00000,0x00000000ec080000)
  from space 1536K, 68% used [0x00000000ec400000,0x00000000ec508828,0x00000000ec580000)
  to   space 1024K, 0% used [0x00000000ec580000,0x00000000ec580000,0x00000000ec680000)
 ParOldGen       total 68608K, used 18053K [0x00000000c0000000, 0x00000000c4300000, 0x00000000eab00000)
  object space 68608K, 26% used [0x00000000c0000000,0x00000000c11a1400,0x00000000c4300000)
 Metaspace       used 34727K, committed 35840K, reserved 1114112K
  class space    used 3475K, committed 3968K, reserved 1048576K
}
Event: 64.332 GC heap before
{Heap before GC invocations=15 (full 2):
 PSYoungGen      total 23552K, used 1058K [0x00000000eab00000, 0x00000000ec680000, 0x0000000100000000)
  eden space 22016K, 0% used [0x00000000eab00000,0x00000000eab00000,0x00000000ec080000)
  from space 1536K, 68% used [0x00000000ec400000,0x00000000ec508828,0x00000000ec580000)
  to   space 1024K, 0% used [0x00000000ec580000,0x00000000ec580000,0x00000000ec680000)
 ParOldGen       total 68608K, used 18053K [0x00000000c0000000, 0x00000000c4300000, 0x00000000eab00000)
  object space 68608K, 26% used [0x00000000c0000000,0x00000000c11a1400,0x00000000c4300000)
 Metaspace       used 34727K, committed 35840K, reserved 1114112K
  class space    used 3475K, committed 3968K, reserved 1048576K
}
Event: 64.448 GC heap after
{Heap after GC invocations=15 (full 2):
 PSYoungGen      total 23552K, used 0K [0x00000000eab00000, 0x00000000ec680000, 0x0000000100000000)
  eden space 22016K, 0% used [0x00000000eab00000,0x00000000eab00000,0x00000000ec080000)
  from space 1536K, 0% used [0x00000000ec400000,0x00000000ec400000,0x00000000ec580000)
  to   space 1024K, 0% used [0x00000000ec580000,0x00000000ec580000,0x00000000ec680000)
 ParOldGen       total 68608K, used 18548K [0x00000000c0000000, 0x00000000c4300000, 0x00000000eab00000)
  object space 68608K, 27% used [0x00000000c0000000,0x00000000c121d0a0,0x00000000c4300000)
 Metaspace       used 34727K, committed 35840K, reserved 1114112K
  class space    used 3475K, committed 3968K, reserved 1048576K
}

